#
# There is insufficient memory for the Java Runtime Environment to continue.
# Native memory allocation (malloc) failed to allocate 1048576 bytes for AllocateHeap
# Possible reasons:
#   The system is out of physical RAM or swap space
#   The process is running with CompressedOops enabled, and the Java Heap may be blocking the growth of the native heap
# Possible solutions:
#   Reduce memory load on the system
#   Increase physical memory or swap space
#   Check if swap backing store is full
#   Decrease Java heap size (-Xmx/-Xms)
#   Decrease number of Java threads
#   Decrease Java thread stack sizes (-Xss)
#   Set larger code cache with -XX:ReservedCodeCacheSize=
#   JVM is running with Zero Based Compressed Oops mode in which the Java heap is
#     placed in the first 32GB address space. The Java Heap base address is the
#     maximum limit for the native heap growth. Please use -XX:HeapBaseMinAddress
#     to set the Java Heap base and to place the Java Heap above 32GB virtual address.
# This output file may be truncated or incomplete.
#
#  Out of Memory Error (memory/allocation.inline.hpp:61), pid=1140, tid=0x0000000000000580
#
# JRE version:  (8.0_192-b12) (build )
# Java VM: Java HotSpot(TM) 64-Bit Server VM (25.192-b12 mixed mode windows-amd64 compressed oops)
# Failed to write core dump. Minidumps are not enabled by default on client versions of Windows
#

---------------  T H R E A D  ---------------

Current thread (0x0000000002839000):  JavaThread "Unknown thread" [_thread_in_vm, id=1408, stack(0x0000000002720000,0x0000000002820000)]

Stack: [0x0000000002720000,0x0000000002820000]
[error occurred during error reporting (printing stack bounds), id 0xc0000005]

Native frames: (J=compiled Java code, j=interpreted, Vv=VM code, C=native code)


---------------  P R O C E S S  ---------------

Java Threads: ( => current thread )

Other Threads:

=>0x0000000002839000 (exited) JavaThread "Unknown thread" [_thread_in_vm, id=1408, stack(0x0000000002720000,0x0000000002820000)]

VM state:not at safepoint (normal execution)

VM Mutex/Monitor currently owned by a thread: None

heap address: 0x00000006c0800000, size: 4088 MB, Compressed Oops mode: Zero based, Oop shift amount: 3
Narrow klass base: 0x0000000000000000, Narrow klass shift: 3
Compressed class space size: 1073741824 Address: 0x00000007c0000000

Heap:
 PSYoungGen      total 76288K, used 1310K [0x000000076ad80000, 0x0000000770280000, 0x00000007c0000000)
  eden space 65536K, 2% used [0x000000076ad80000,0x000000076aec7af0,0x000000076ed80000)
  from space 10752K, 0% used [0x000000076f800000,0x000000076f800000,0x0000000770280000)
  to   space 10752K, 0% used [0x000000076ed80000,0x000000076ed80000,0x000000076f800000)
 ParOldGen       total 175104K, used 0K [0x00000006c0800000, 0x00000006cb300000, 0x000000076ad80000)
  object space 175104K, 0% used [0x00000006c0800000,0x00000006c0800000,0x00000006cb300000)
 Metaspace       used 786K, capacity 4480K, committed 4480K, reserved 1056768K
  class space    used 76K, capacity 384K, committed 384K, reserved 1048576K

Card table byte_map: [0x0000000011ea0000,0x00000000126a0000] byte_map_base: 0x000000000e89c000

Marking Bits: (ParMarkBitMap*) 0x000000005dc13ce0
 Begin Bits: [0x0000000013400000, 0x00000000173e0000)
 End Bits:   [0x00000000173e0000, 0x000000001b3c0000)

Polling page: 0x0000000002380000

CodeCache: size=245760Kb used=328Kb max_used=328Kb free=245431Kb
 bounds [0x0000000002ae0000, 0x0000000002d50000, 0x0000000011ae0000]
 total_blobs=58 nmethods=0 adapters=38
 compilation: enabled

Compilation events (0 events):
No events

GC Heap History (0 events):
No events

Deoptimization events (0 events):
No events

Classes redefined (0 events):
No events

Internal exceptions (0 events):
No events

Events (10 events):
Event: 0.025 loading class java/lang/Short
Event: 0.025 loading class java/lang/Short done
Event: 0.025 loading class java/lang/Integer
Event: 0.026 loading class java/lang/Integer done
Event: 0.026 loading class java/lang/Long
Event: 0.026 loading class java/lang/Long done
Event: 0.026 loading class java/lang/NullPointerException
Event: 0.026 loading class java/lang/NullPointerException done
Event: 0.026 loading class java/lang/ArithmeticException
Event: 0.026 loading class java/lang/ArithmeticException done


Dynamic libraries:
0x00007ff7b10e0000 - 0x00007ff7b1117000 	D:\jdk1.8.0_192\bin\java.exe
0x00007ff8524f0000 - 0x00007ff8526dd000 	C:\WINDOWS\SYSTEM32\ntdll.dll
0x00007ff84fa60000 - 0x00007ff84fb13000 	C:\WINDOWS\System32\KERNEL32.DLL
0x00007ff84eae0000 - 0x00007ff84ed73000 	C:\WINDOWS\System32\KERNELBASE.dll
0x00007ff8521d0000 - 0x00007ff852273000 	C:\WINDOWS\System32\ADVAPI32.dll
0x00007ff84f150000 - 0x00007ff84f1ee000 	C:\WINDOWS\System32\msvcrt.dll
0x00007ff84f0b0000 - 0x00007ff84f14e000 	C:\WINDOWS\System32\sechost.dll
0x00007ff84fb40000 - 0x00007ff84fc62000 	C:\WINDOWS\System32\RPCRT4.dll
0x00007ff851fc0000 - 0x00007ff852157000 	C:\WINDOWS\System32\USER32.dll
0x00007ff84ea40000 - 0x00007ff84ea60000 	C:\WINDOWS\System32\win32u.dll
0x00007ff850960000 - 0x00007ff850989000 	C:\WINDOWS\System32\GDI32.dll
0x00007ff84e4d0000 - 0x00007ff84e66a000 	C:\WINDOWS\System32\gdi32full.dll
0x00007ff84e670000 - 0x00007ff84e710000 	C:\WINDOWS\System32\msvcp_win.dll
0x00007ff84e710000 - 0x00007ff84e80a000 	C:\WINDOWS\System32\ucrtbase.dll
0x00007ff838670000 - 0x00007ff8388e9000 	C:\WINDOWS\WinSxS\amd64_microsoft.windows.common-controls_6595b64144ccf1df_6.0.17763.529_none_05b84068071c8d5a\COMCTL32.dll
0x00007ff84ed80000 - 0x00007ff84f0ac000 	C:\WINDOWS\System32\combase.dll
0x00007ff84ea60000 - 0x00007ff84eade000 	C:\WINDOWS\System32\bcryptPrimitives.dll
0x00007ff850aa0000 - 0x00007ff850ace000 	C:\WINDOWS\System32\IMM32.DLL
0x00007ff84dae0000 - 0x00007ff84db4e000 	C:\WINDOWS\System32\dtrampo.dll
0x000000005dca0000 - 0x000000005dd71000 	D:\jdk1.8.0_192\jre\bin\msvcr100.dll
0x000000005d3f0000 - 0x000000005dc93000 	D:\jdk1.8.0_192\jre\bin\server\jvm.dll
0x00007ff84fb20000 - 0x00007ff84fb28000 	C:\WINDOWS\System32\PSAPI.DLL
0x00007ff844b80000 - 0x00007ff844b89000 	C:\WINDOWS\SYSTEM32\WSOCK32.dll
0x00007ff852160000 - 0x00007ff8521cd000 	C:\WINDOWS\System32\WS2_32.dll
0x00007ff840c30000 - 0x00007ff840c54000 	C:\WINDOWS\SYSTEM32\WINMM.dll
0x00007ff8446c0000 - 0x00007ff8446ca000 	C:\WINDOWS\SYSTEM32\VERSION.dll
0x00007ff840ca0000 - 0x00007ff840ccd000 	C:\WINDOWS\SYSTEM32\WINMMBASE.dll
0x0000000002330000 - 0x000000000237a000 	C:\WINDOWS\System32\cfgmgr32.dll
0x00007ff82e0d0000 - 0x00007ff82e0df000 	D:\jdk1.8.0_192\jre\bin\verify.dll
0x00007ff82dfe0000 - 0x00007ff82e009000 	D:\jdk1.8.0_192\jre\bin\java.dll
0x00007ff81ed40000 - 0x00007ff81ed75000 	D:\jdk1.8.0_192\jre\bin\jdwp.dll
0x00007ff82e040000 - 0x00007ff82e048000 	D:\jdk1.8.0_192\jre\bin\npt.dll
0x00007ff81ed10000 - 0x00007ff81ed33000 	D:\jdk1.8.0_192\jre\bin\instrument.dll
0x00007ff82e0b0000 - 0x00007ff82e0c6000 	D:\jdk1.8.0_192\jre\bin\zip.dll

VM Arguments:
jvm_args: -agentlib:jdwp=transport=dt_socket,address=127.0.0.1:58134,suspend=y,server=n -XX:TieredStopAtLevel=1 -Xverify:none -Dspring.output.ansi.enabled=always -Dcom.sun.management.jmxremote -Dspring.jmx.enabled=true -Dspring.liveBeansView.mbeanDomain -Dspring.application.admin.enabled=true -javaagent:C:\Users\Administrator\.IntelliJIdea2019.1\system\captureAgent\debugger-agent.jar -Dfile.encoding=UTF-8 
java_command: com.example.rurekaclientribbon.EurekaclientribbonApplication
java_class_path (initial): D:\jdk1.8.0_192\jre\lib\charsets.jar;D:\jdk1.8.0_192\jre\lib\deploy.jar;D:\jdk1.8.0_192\jre\lib\ext\access-bridge-64.jar;D:\jdk1.8.0_192\jre\lib\ext\cldrdata.jar;D:\jdk1.8.0_192\jre\lib\ext\dnsns.jar;D:\jdk1.8.0_192\jre\lib\ext\jaccess.jar;D:\jdk1.8.0_192\jre\lib\ext\jfxrt.jar;D:\jdk1.8.0_192\jre\lib\ext\localedata.jar;D:\jdk1.8.0_192\jre\lib\ext\nashorn.jar;D:\jdk1.8.0_192\jre\lib\ext\sunec.jar;D:\jdk1.8.0_192\jre\lib\ext\sunjce_provider.jar;D:\jdk1.8.0_192\jre\lib\ext\sunmscapi.jar;D:\jdk1.8.0_192\jre\lib\ext\sunpkcs11.jar;D:\jdk1.8.0_192\jre\lib\ext\zipfs.jar;D:\jdk1.8.0_192\jre\lib\javaws.jar;D:\jdk1.8.0_192\jre\lib\jce.jar;D:\jdk1.8.0_192\jre\lib\jfr.jar;D:\jdk1.8.0_192\jre\lib\jfxswt.jar;D:\jdk1.8.0_192\jre\lib\jsse.jar;D:\jdk1.8.0_192\jre\lib\management-agent.jar;D:\jdk1.8.0_192\jre\lib\plugin.jar;D:\jdk1.8.0_192\jre\lib\resources.jar;D:\jdk1.8.0_192\jre\lib\rt.jar;D:\ideaProject\springCloudDemo\eurekaClientRibbon\target\classes;D:\maven\repository\org\springframework\cloud\spring-cloud-starter-netflix-eureka-server\2.0.0.RELEASE\spring-cloud-starter-netflix-eureka-server-2.0.0.RELEASE.jar;D:\maven\repository\org\springframework\cloud\spring-cloud-starter\2.0.0.RELEASE\spring-cloud-starter-2.0.0.RELEASE.jar;D:\maven\repository\org\springframework\cloud\spring-cloud-context\2.0.0.RELEASE\spring-cloud-context-2.0.0.RELEASE.jar;D:\maven\repository\org\springframework\security\spring-security-crypto\5.1.5.RELEASE\spring-security-crypto-5.1.5.RELEASE.jar;D:\maven\repository\org\springframework\cloud\spring-cloud-commons\2.0.0.RELEASE\spring-cloud-commons-2.0.0.RELEASE.jar;D:\maven\repository\org\springframework\security\spring-security-rsa\1.0.5.RELEASE\spring-security-rsa-1.0.5.RELEASE.jar;D:\maven\repository\org\bouncycastle\bcpkix-jdk15on\1.56\bcpkix-jdk15on-1.56.jar;D:\maven\repository\org\bouncycastle\bcprov-jdk15on\1.56\bcprov-jdk15on-1.56.jar;D:\maven\repository\org\springframework\cloud\spring-cloud-netflix-eureka-server\2.0.0.
Launcher Type: SUN_STANDARD

Environment Variables:
JAVA_HOME=D:\jdk1.8.0_192
CLASSPATH=.;D:\jdk1.8.0_192\bin;D:\jdk1.8.0_192\lib\dt.jar;D:\jdk1.8.0_192\lib\tools.jar
PATH=E:\Xshell 6\;E:\Xftp 6\;C:\WINDOWS\system32;C:\WINDOWS;C:\WINDOWS\System32\Wbem;C:\WINDOWS\System32\WindowsPowerShell\v1.0\;C:\WINDOWS\System32\OpenSSH\;E:\TortoiseSVN\bin;D:\apache-maven-3.6.0\bin;D:\jdk1.8.0_192\bin;D:\jdk1.8.0_192\jre\bin;D:\mysql-8.0.11-winx64\bin;E:\Git\cmd;C:\Users\Administrator\AppData\Local\Microsoft\WindowsApps;;D:\Microsoft VS Code\bin;D:\IntelliJ IDEA\bin;
USERNAME=ZhangWei
OS=Windows_NT
PROCESSOR_IDENTIFIER=Intel64 Family 6 Model 60 Stepping 3, GenuineIntel



---------------  S Y S T E M  ---------------

OS: Windows 10.0 , 64 bit Build 17763 (10.0.17763.475)

CPU:total 8 (initial active 8) (4 cores per cpu, 2 threads per core) family 6 model 60 stepping 3, cmov, cx8, fxsr, mmx, sse, sse2, sse3, ssse3, sse4.1, sse4.2, popcnt, avx, avx2, aes, clmul, erms, lzcnt, ht, tsc, tscinvbit, bmi1, bmi2

Memory: 4k page, physical 16742528k(4732256k free), swap 24492112k(5876k free)

vm_info: Java HotSpot(TM) 64-Bit Server VM (25.192-b12) for windows-amd64 JRE (1.8.0_192-b12), built on Oct  6 2018 17:12:23 by "java_re" with MS VC++ 10.0 (VS2010)

time: Thu May 30 11:04:58 2019
timezone: 中国标准时间
elapsed time: 0 seconds (0d 0h 0m 0s)

